<?xml version="1.0" encoding="UTF-8"?>
<!-- Generated by org.testng.reporters.JUnitReportReporter -->
<testsuite hostname="SEZVM2330P" name="testscript.SmokeTest" tests="1" failures="0" timestamp="23 Jul 2015 12:51:42 GMT" time="3.016" errors="0">
  <testcase name="Verify_Login_Functionality" time="3.016" classname="testscript.SmokeTest"/>
</testsuite> <!-- testscript.SmokeTest -->
