<?xml version="1.0" encoding="UTF-8"?>
<!-- Generated by org.testng.reporters.JUnitReportReporter -->
<testsuite hostname="SEZVM2330P" name="testscript.SmokeTest" tests="1" failures="0" timestamp="28 Jul 2015 11:03:28 GMT" time="3.137" errors="0">
  <testcase name="Verify_Login_Functionality" time="3.137" classname="testscript.SmokeTest"/>
</testsuite> <!-- testscript.SmokeTest -->
